<?xml version="1.0" encoding="UTF-8"?>
<coverage generated="1575843750">
  <project timestamp="1575843750">
    <package name="USHolidays">
      <file name="/home/vagrant/code/MISC/us-holidays/src/Carbon.php">
        <class name="USHolidays\Carbon" namespace="USHolidays">
          <metrics complexity="90" methods="47" coveredmethods="36" conditionals="0" coveredconditionals="0" statements="284" coveredstatements="265" elements="331" coveredelements="301"/>
        </class>
        <line num="7" type="method" name="orthodox_easter" visibility="private" complexity="1" crap="2" count="0"/>
        <line num="8" type="stmt" count="0"/>
        <line num="9" type="stmt" count="0"/>
        <line num="10" type="stmt" count="0"/>
        <line num="11" type="stmt" count="0"/>
        <line num="12" type="stmt" count="0"/>
        <line num="13" type="stmt" count="0"/>
        <line num="14" type="stmt" count="0"/>
        <line num="16" type="stmt" count="0"/>
        <line num="18" type="stmt" count="0"/>
        <line num="21" type="method" name="getHolidays" visibility="private" complexity="18" crap="18" count="36"/>
        <line num="22" type="stmt" count="36"/>
        <line num="23" type="stmt" count="1"/>
        <line num="27" type="stmt" count="36"/>
        <line num="28" type="stmt" count="36"/>
        <line num="29" type="stmt" count="8"/>
        <line num="31" type="stmt" count="36"/>
        <line num="34" type="stmt" count="36"/>
        <line num="35" type="stmt" count="36"/>
        <line num="36" type="stmt" count="36"/>
        <line num="38" type="stmt" count="36"/>
        <line num="41" type="stmt" count="36"/>
        <line num="42" type="stmt" count="36"/>
        <line num="43" type="stmt" count="36"/>
        <line num="44" type="stmt" count="8"/>
        <line num="45" type="stmt" count="4"/>
        <line num="49" type="stmt" count="36"/>
        <line num="50" type="stmt" count="36"/>
        <line num="51" type="stmt" count="36"/>
        <line num="52" type="stmt" count="36"/>
        <line num="54" type="stmt" count="36"/>
        <line num="55" type="stmt" count="36"/>
        <line num="60" type="stmt" count="36"/>
        <line num="61" type="stmt" count="36"/>
        <line num="62" type="stmt" count="36"/>
        <line num="66" type="stmt" count="36"/>
        <line num="67" type="stmt" count="36"/>
        <line num="68" type="stmt" count="8"/>
        <line num="70" type="stmt" count="36"/>
        <line num="74" type="stmt" count="36"/>
        <line num="75" type="stmt" count="36"/>
        <line num="76" type="stmt" count="8"/>
        <line num="78" type="stmt" count="36"/>
        <line num="82" type="stmt" count="36"/>
        <line num="85" type="stmt" count="36"/>
        <line num="86" type="stmt" count="36"/>
        <line num="87" type="stmt" count="36"/>
        <line num="89" type="stmt" count="36"/>
        <line num="92" type="stmt" count="36"/>
        <line num="93" type="stmt" count="36"/>
        <line num="94" type="stmt" count="36"/>
        <line num="96" type="stmt" count="36"/>
        <line num="99" type="stmt" count="36"/>
        <line num="100" type="stmt" count="36"/>
        <line num="101" type="stmt" count="36"/>
        <line num="103" type="stmt" count="36"/>
        <line num="106" type="stmt" count="36"/>
        <line num="107" type="stmt" count="36"/>
        <line num="108" type="stmt" count="36"/>
        <line num="110" type="stmt" count="36"/>
        <line num="113" type="stmt" count="36"/>
        <line num="114" type="stmt" count="36"/>
        <line num="115" type="stmt" count="36"/>
        <line num="119" type="stmt" count="36"/>
        <line num="122" type="stmt" count="36"/>
        <line num="125" type="stmt" count="36"/>
        <line num="128" type="stmt" count="36"/>
        <line num="130" type="stmt" count="36"/>
        <line num="132" type="stmt" count="36"/>
        <line num="134" type="stmt" count="36"/>
        <line num="136" type="stmt" count="36"/>
        <line num="138" type="stmt" count="36"/>
        <line num="142" type="stmt" count="36"/>
        <line num="143" type="stmt" count="36"/>
        <line num="145" type="stmt" count="36"/>
        <line num="148" type="stmt" count="36"/>
        <line num="149" type="stmt" count="36"/>
        <line num="151" type="stmt" count="36"/>
        <line num="154" type="stmt" count="36"/>
        <line num="155" type="stmt" count="36"/>
        <line num="157" type="stmt" count="36"/>
        <line num="160" type="stmt" count="36"/>
        <line num="161" type="stmt" count="36"/>
        <line num="163" type="stmt" count="36"/>
        <line num="166" type="stmt" count="36"/>
        <line num="167" type="stmt" count="36"/>
        <line num="169" type="stmt" count="36"/>
        <line num="172" type="stmt" count="36"/>
        <line num="173" type="stmt" count="36"/>
        <line num="175" type="stmt" count="36"/>
        <line num="178" type="stmt" count="36"/>
        <line num="179" type="stmt" count="36"/>
        <line num="181" type="stmt" count="36"/>
        <line num="184" type="stmt" count="36"/>
        <line num="185" type="stmt" count="36"/>
        <line num="187" type="stmt" count="36"/>
        <line num="190" type="stmt" count="36"/>
        <line num="191" type="stmt" count="36"/>
        <line num="193" type="stmt" count="36"/>
        <line num="196" type="stmt" count="36"/>
        <line num="197" type="stmt" count="36"/>
        <line num="199" type="stmt" count="36"/>
        <line num="202" type="stmt" count="36"/>
        <line num="203" type="stmt" count="36"/>
        <line num="205" type="stmt" count="36"/>
        <line num="208" type="stmt" count="36"/>
        <line num="209" type="stmt" count="36"/>
        <line num="211" type="stmt" count="36"/>
        <line num="214" type="stmt" count="36"/>
        <line num="215" type="stmt" count="36"/>
        <line num="217" type="stmt" count="36"/>
        <line num="220" type="stmt" count="36"/>
        <line num="221" type="stmt" count="36"/>
        <line num="223" type="stmt" count="36"/>
        <line num="226" type="stmt" count="36"/>
        <line num="227" type="stmt" count="36"/>
        <line num="229" type="stmt" count="36"/>
        <line num="232" type="stmt" count="36"/>
        <line num="233" type="stmt" count="36"/>
        <line num="235" type="stmt" count="36"/>
        <line num="238" type="stmt" count="36"/>
        <line num="239" type="stmt" count="36"/>
        <line num="241" type="stmt" count="36"/>
        <line num="244" type="stmt" count="36"/>
        <line num="245" type="stmt" count="36"/>
        <line num="247" type="stmt" count="36"/>
        <line num="250" type="stmt" count="36"/>
        <line num="251" type="stmt" count="36"/>
        <line num="253" type="stmt" count="36"/>
        <line num="256" type="stmt" count="36"/>
        <line num="257" type="stmt" count="36"/>
        <line num="259" type="stmt" count="36"/>
        <line num="262" type="stmt" count="36"/>
        <line num="263" type="stmt" count="36"/>
        <line num="265" type="stmt" count="36"/>
        <line num="268" type="stmt" count="36"/>
        <line num="269" type="stmt" count="36"/>
        <line num="271" type="stmt" count="36"/>
        <line num="274" type="stmt" count="36"/>
        <line num="275" type="stmt" count="36"/>
        <line num="277" type="stmt" count="36"/>
        <line num="280" type="stmt" count="36"/>
        <line num="281" type="stmt" count="36"/>
        <line num="283" type="stmt" count="36"/>
        <line num="286" type="stmt" count="36"/>
        <line num="287" type="stmt" count="36"/>
        <line num="289" type="stmt" count="36"/>
        <line num="292" type="stmt" count="36"/>
        <line num="293" type="stmt" count="36"/>
        <line num="295" type="stmt" count="36"/>
        <line num="298" type="stmt" count="36"/>
        <line num="299" type="stmt" count="36"/>
        <line num="301" type="stmt" count="36"/>
        <line num="304" type="stmt" count="36"/>
        <line num="305" type="stmt" count="36"/>
        <line num="307" type="stmt" count="36"/>
        <line num="310" type="stmt" count="36"/>
        <line num="311" type="stmt" count="36"/>
        <line num="313" type="stmt" count="36"/>
        <line num="316" type="stmt" count="36"/>
        <line num="317" type="stmt" count="36"/>
        <line num="319" type="stmt" count="36"/>
        <line num="322" type="stmt" count="36"/>
        <line num="323" type="stmt" count="36"/>
        <line num="325" type="stmt" count="36"/>
        <line num="328" type="stmt" count="36"/>
        <line num="329" type="stmt" count="36"/>
        <line num="331" type="stmt" count="36"/>
        <line num="334" type="stmt" count="36"/>
        <line num="335" type="stmt" count="36"/>
        <line num="337" type="stmt" count="36"/>
        <line num="340" type="stmt" count="36"/>
        <line num="341" type="stmt" count="36"/>
        <line num="343" type="stmt" count="36"/>
        <line num="346" type="stmt" count="36"/>
        <line num="347" type="stmt" count="36"/>
        <line num="349" type="stmt" count="36"/>
        <line num="352" type="stmt" count="36"/>
        <line num="353" type="stmt" count="36"/>
        <line num="355" type="stmt" count="36"/>
        <line num="358" type="stmt" count="36"/>
        <line num="359" type="stmt" count="36"/>
        <line num="361" type="stmt" count="36"/>
        <line num="364" type="stmt" count="36"/>
        <line num="365" type="stmt" count="36"/>
        <line num="367" type="stmt" count="36"/>
        <line num="370" type="stmt" count="36"/>
        <line num="371" type="stmt" count="36"/>
        <line num="373" type="stmt" count="36"/>
        <line num="376" type="stmt" count="36"/>
        <line num="377" type="stmt" count="36"/>
        <line num="379" type="stmt" count="36"/>
        <line num="382" type="stmt" count="36"/>
        <line num="383" type="stmt" count="36"/>
        <line num="385" type="stmt" count="36"/>
        <line num="391" type="stmt" count="36"/>
        <line num="394" type="method" name="isHoliday" visibility="public" complexity="4" crap="4" count="1"/>
        <line num="396" type="stmt" count="1"/>
        <line num="397" type="stmt" count="1"/>
        <line num="398" type="stmt" count="1"/>
        <line num="400" type="stmt" count="1"/>
        <line num="401" type="stmt" count="1"/>
        <line num="402" type="stmt" count="1"/>
        <line num="406" type="stmt" count="1"/>
        <line num="409" type="method" name="isBankHoliday" visibility="public" complexity="13" crap="13" count="1"/>
        <line num="411" type="stmt" count="1"/>
        <line num="412" type="stmt" count="1"/>
        <line num="413" type="stmt" count="1"/>
        <line num="415" type="stmt" count="1"/>
        <line num="416" type="stmt" count="1"/>
        <line num="417" type="stmt" count="1"/>
        <line num="418" type="stmt" count="1"/>
        <line num="422" type="stmt" count="1"/>
        <line num="423" type="stmt" count="1"/>
        <line num="425" type="stmt" count="1"/>
        <line num="426" type="stmt" count="1"/>
        <line num="428" type="stmt" count="1"/>
        <line num="430" type="stmt" count="1"/>
        <line num="431" type="stmt" count="1"/>
        <line num="433" type="stmt" count="1"/>
        <line num="434" type="stmt" count="1"/>
        <line num="436" type="stmt" count="1"/>
        <line num="442" type="stmt" count="1"/>
        <line num="445" type="method" name="getHolidayName" visibility="public" complexity="11" crap="11.02" count="4"/>
        <line num="447" type="stmt" count="4"/>
        <line num="448" type="stmt" count="4"/>
        <line num="449" type="stmt" count="4"/>
        <line num="451" type="stmt" count="4"/>
        <line num="452" type="stmt" count="4"/>
        <line num="453" type="stmt" count="4"/>
        <line num="454" type="stmt" count="4"/>
        <line num="456" type="stmt" count="4"/>
        <line num="457" type="stmt" count="2"/>
        <line num="459" type="stmt" count="2"/>
        <line num="460" type="stmt" count="2"/>
        <line num="462" type="stmt" count="3"/>
        <line num="463" type="stmt" count="1"/>
        <line num="465" type="stmt" count="1"/>
        <line num="466" type="stmt" count="0"/>
        <line num="472" type="stmt" count="4"/>
        <line num="473" type="stmt" count="4"/>
        <line num="476" type="stmt" count="4"/>
        <line num="480" type="method" name="getHolidayById" visibility="private" complexity="2" crap="2" count="34"/>
        <line num="482" type="stmt" count="34"/>
        <line num="483" type="stmt" count="34"/>
        <line num="485" type="stmt" count="34"/>
        <line num="486" type="stmt" count="34"/>
        <line num="488" type="stmt" count="34"/>
        <line num="490" type="stmt" count="34"/>
        <line num="493" type="method" name="getNewYearsDayHoliday" visibility="public" complexity="1" crap="1" count="1"/>
        <line num="495" type="stmt" count="1"/>
        <line num="498" type="method" name="getMLKDayHoliday" visibility="public" complexity="1" crap="1" count="1"/>
        <line num="500" type="stmt" count="1"/>
        <line num="503" type="method" name="getGroundhogDayHoliday" visibility="public" complexity="1" crap="1" count="1"/>
        <line num="505" type="stmt" count="1"/>
        <line num="508" type="method" name="getValentinesDayHoliday" visibility="public" complexity="1" crap="1" count="1"/>
        <line num="510" type="stmt" count="1"/>
        <line num="513" type="method" name="getPresidentsDayHoliday" visibility="public" complexity="1" crap="1" count="1"/>
        <line num="515" type="stmt" count="1"/>
        <line num="518" type="method" name="getDaylightSavingStartHoliday" visibility="public" complexity="1" crap="1" count="1"/>
        <line num="520" type="stmt" count="1"/>
        <line num="523" type="method" name="getStPatricksDayHoliday" visibility="public" complexity="1" crap="1" count="1"/>
        <line num="525" type="stmt" count="1"/>
        <line num="528" type="method" name="getAprilFoolsDayHoliday" visibility="public" complexity="1" crap="1" count="1"/>
        <line num="530" type="stmt" count="1"/>
        <line num="533" type="method" name="getMothersDayHoliday" visibility="public" complexity="1" crap="1" count="1"/>
        <line num="535" type="stmt" count="1"/>
        <line num="538" type="method" name="getMemorialDayHoliday" visibility="public" complexity="1" crap="1" count="1"/>
        <line num="540" type="stmt" count="1"/>
        <line num="543" type="method" name="getArmedForcesDayHoliday" visibility="public" complexity="1" crap="1" count="1"/>
        <line num="545" type="stmt" count="1"/>
        <line num="548" type="method" name="getFathersDayHoliday" visibility="public" complexity="1" crap="1" count="1"/>
        <line num="550" type="stmt" count="1"/>
        <line num="553" type="method" name="getFlagsDayHoliday" visibility="public" complexity="1" crap="1" count="1"/>
        <line num="555" type="stmt" count="1"/>
        <line num="558" type="method" name="getIndependenceDayHoliday" visibility="public" complexity="1" crap="1" count="3"/>
        <line num="560" type="stmt" count="3"/>
        <line num="563" type="method" name="getLaborDayHoliday" visibility="public" complexity="1" crap="1" count="1"/>
        <line num="565" type="stmt" count="1"/>
        <line num="568" type="method" name="getPatriotsDayHoliday" visibility="public" complexity="1" crap="1" count="1"/>
        <line num="570" type="stmt" count="1"/>
        <line num="573" type="method" name="getColumbusDayHoliday" visibility="public" complexity="1" crap="1" count="1"/>
        <line num="575" type="stmt" count="1"/>
        <line num="578" type="method" name="getHalloweenDayHoliday" visibility="public" complexity="1" crap="1" count="1"/>
        <line num="580" type="stmt" count="1"/>
        <line num="583" type="method" name="getDaylightSavingEndHoliday" visibility="public" complexity="1" crap="1" count="1"/>
        <line num="585" type="stmt" count="1"/>
        <line num="588" type="method" name="getVeteransDayHoliday" visibility="public" complexity="1" crap="1" count="1"/>
        <line num="590" type="stmt" count="1"/>
        <line num="593" type="method" name="getThanksgivingHoliday" visibility="public" complexity="1" crap="1" count="1"/>
        <line num="595" type="stmt" count="1"/>
        <line num="598" type="method" name="getPearlHarborRemembranceHoliday" visibility="public" complexity="1" crap="1" count="1"/>
        <line num="600" type="stmt" count="1"/>
        <line num="603" type="method" name="getChristmasEveHoliday" visibility="public" complexity="1" crap="1" count="1"/>
        <line num="605" type="stmt" count="1"/>
        <line num="608" type="method" name="getChristmasDayHoliday" visibility="public" complexity="1" crap="1" count="1"/>
        <line num="610" type="stmt" count="1"/>
        <line num="613" type="method" name="getNewYearsEveHoliday" visibility="public" complexity="1" crap="1" count="1"/>
        <line num="615" type="stmt" count="1"/>
        <line num="618" type="method" name="getKwanzaaHoliday" visibility="public" complexity="1" crap="1" count="1"/>
        <line num="620" type="stmt" count="1"/>
        <line num="623" type="method" name="getEarthDayHoliday" visibility="public" complexity="1" crap="1" count="1"/>
        <line num="625" type="stmt" count="1"/>
        <line num="628" type="method" name="getCincoDeMayoHoliday" visibility="public" complexity="1" crap="1" count="1"/>
        <line num="630" type="stmt" count="1"/>
        <line num="633" type="method" name="getJuneteenthHoliday" visibility="public" complexity="1" crap="1" count="1"/>
        <line num="635" type="stmt" count="1"/>
        <line num="638" type="method" name="getIndigenousPeoplesDayHoliday" visibility="public" complexity="1" crap="1" count="1"/>
        <line num="640" type="stmt" count="1"/>
        <line num="643" type="method" name="getTaxDayHoliday" visibility="public" complexity="1" crap="1" count="1"/>
        <line num="645" type="stmt" count="1"/>
        <line num="648" type="method" name="getBlackFridayHoliday" visibility="public" complexity="1" crap="1" count="1"/>
        <line num="650" type="stmt" count="1"/>
        <line num="653" type="method" name="getEasterHoliday" visibility="public" complexity="1" crap="2" count="0"/>
        <line num="655" type="stmt" count="0"/>
        <line num="658" type="method" name="getAshWednesdayHoliday" visibility="public" complexity="1" crap="2" count="0"/>
        <line num="660" type="stmt" count="0"/>
        <line num="663" type="method" name="getPalmSundayHoliday" visibility="public" complexity="1" crap="2" count="0"/>
        <line num="665" type="stmt" count="0"/>
        <line num="668" type="method" name="getGoodFridayHoliday" visibility="public" complexity="1" crap="2" count="0"/>
        <line num="670" type="stmt" count="0"/>
        <line num="673" type="method" name="getOrthodoxEasterHoliday" visibility="public" complexity="1" crap="2" count="0"/>
        <line num="675" type="stmt" count="0"/>
        <line num="678" type="method" name="getHanukkahHoliday" visibility="public" complexity="1" crap="2" count="0"/>
        <line num="680" type="stmt" count="0"/>
        <line num="683" type="method" name="getYomKippurHoliday" visibility="public" complexity="1" crap="2" count="0"/>
        <line num="685" type="stmt" count="0"/>
        <line num="688" type="method" name="getRoshHashanahHoliday" visibility="public" complexity="1" crap="2" count="0"/>
        <line num="690" type="stmt" count="0"/>
        <line num="693" type="method" name="getPassoverHoliday" visibility="public" complexity="1" crap="2" count="0"/>
        <line num="695" type="stmt" count="0"/>
        <metrics loc="699" ncloc="665" classes="1" methods="47" coveredmethods="36" conditionals="0" coveredconditionals="0" statements="284" coveredstatements="265" elements="331" coveredelements="301"/>
      </file>
    </package>
    <metrics files="1" loc="699" ncloc="665" classes="1" methods="47" coveredmethods="36" conditionals="0" coveredconditionals="0" statements="284" coveredstatements="265" elements="331" coveredelements="301"/>
  </project>
</coverage>
