<?xml version="1.0" encoding="UTF-8"?>
<coverage generated="1575495613">
  <project timestamp="1575495613">
    <package name="USHolidays">
      <file name="/home/vagrant/code/Misc/us-holidays/src/Carbon.php">
        <class name="USHolidays\Carbon" namespace="USHolidays">
          <metrics complexity="80" methods="37" coveredmethods="37" conditionals="0" coveredconditionals="0" statements="230" coveredstatements="230" elements="267" coveredelements="267"/>
        </class>
        <line num="5" type="method" name="getHolidays" visibility="private" complexity="18" crap="18" count="36"/>
        <line num="6" type="stmt" count="36"/>
        <line num="7" type="stmt" count="1"/>
        <line num="11" type="stmt" count="36"/>
        <line num="12" type="stmt" count="36"/>
        <line num="13" type="stmt" count="8"/>
        <line num="15" type="stmt" count="36"/>
        <line num="18" type="stmt" count="36"/>
        <line num="19" type="stmt" count="36"/>
        <line num="20" type="stmt" count="36"/>
        <line num="22" type="stmt" count="36"/>
        <line num="25" type="stmt" count="36"/>
        <line num="26" type="stmt" count="36"/>
        <line num="27" type="stmt" count="36"/>
        <line num="28" type="stmt" count="8"/>
        <line num="29" type="stmt" count="4"/>
        <line num="33" type="stmt" count="36"/>
        <line num="34" type="stmt" count="36"/>
        <line num="35" type="stmt" count="36"/>
        <line num="36" type="stmt" count="36"/>
        <line num="38" type="stmt" count="36"/>
        <line num="39" type="stmt" count="36"/>
        <line num="44" type="stmt" count="36"/>
        <line num="45" type="stmt" count="36"/>
        <line num="46" type="stmt" count="36"/>
        <line num="50" type="stmt" count="36"/>
        <line num="51" type="stmt" count="36"/>
        <line num="52" type="stmt" count="8"/>
        <line num="54" type="stmt" count="36"/>
        <line num="58" type="stmt" count="36"/>
        <line num="59" type="stmt" count="36"/>
        <line num="60" type="stmt" count="8"/>
        <line num="62" type="stmt" count="36"/>
        <line num="66" type="stmt" count="36"/>
        <line num="69" type="stmt" count="36"/>
        <line num="70" type="stmt" count="36"/>
        <line num="71" type="stmt" count="36"/>
        <line num="73" type="stmt" count="36"/>
        <line num="76" type="stmt" count="36"/>
        <line num="77" type="stmt" count="36"/>
        <line num="78" type="stmt" count="36"/>
        <line num="80" type="stmt" count="36"/>
        <line num="83" type="stmt" count="36"/>
        <line num="84" type="stmt" count="36"/>
        <line num="85" type="stmt" count="36"/>
        <line num="87" type="stmt" count="36"/>
        <line num="90" type="stmt" count="36"/>
        <line num="91" type="stmt" count="36"/>
        <line num="92" type="stmt" count="36"/>
        <line num="94" type="stmt" count="36"/>
        <line num="97" type="stmt" count="36"/>
        <line num="98" type="stmt" count="36"/>
        <line num="99" type="stmt" count="36"/>
        <line num="105" type="stmt" count="36"/>
        <line num="106" type="stmt" count="36"/>
        <line num="108" type="stmt" count="36"/>
        <line num="111" type="stmt" count="36"/>
        <line num="112" type="stmt" count="36"/>
        <line num="114" type="stmt" count="36"/>
        <line num="117" type="stmt" count="36"/>
        <line num="118" type="stmt" count="36"/>
        <line num="120" type="stmt" count="36"/>
        <line num="123" type="stmt" count="36"/>
        <line num="124" type="stmt" count="36"/>
        <line num="126" type="stmt" count="36"/>
        <line num="129" type="stmt" count="36"/>
        <line num="130" type="stmt" count="36"/>
        <line num="132" type="stmt" count="36"/>
        <line num="135" type="stmt" count="36"/>
        <line num="136" type="stmt" count="36"/>
        <line num="138" type="stmt" count="36"/>
        <line num="141" type="stmt" count="36"/>
        <line num="142" type="stmt" count="36"/>
        <line num="144" type="stmt" count="36"/>
        <line num="147" type="stmt" count="36"/>
        <line num="148" type="stmt" count="36"/>
        <line num="150" type="stmt" count="36"/>
        <line num="153" type="stmt" count="36"/>
        <line num="154" type="stmt" count="36"/>
        <line num="156" type="stmt" count="36"/>
        <line num="159" type="stmt" count="36"/>
        <line num="160" type="stmt" count="36"/>
        <line num="162" type="stmt" count="36"/>
        <line num="165" type="stmt" count="36"/>
        <line num="166" type="stmt" count="36"/>
        <line num="168" type="stmt" count="36"/>
        <line num="171" type="stmt" count="36"/>
        <line num="172" type="stmt" count="36"/>
        <line num="174" type="stmt" count="36"/>
        <line num="177" type="stmt" count="36"/>
        <line num="178" type="stmt" count="36"/>
        <line num="180" type="stmt" count="36"/>
        <line num="183" type="stmt" count="36"/>
        <line num="184" type="stmt" count="36"/>
        <line num="186" type="stmt" count="36"/>
        <line num="189" type="stmt" count="36"/>
        <line num="190" type="stmt" count="36"/>
        <line num="192" type="stmt" count="36"/>
        <line num="195" type="stmt" count="36"/>
        <line num="196" type="stmt" count="36"/>
        <line num="198" type="stmt" count="36"/>
        <line num="201" type="stmt" count="36"/>
        <line num="202" type="stmt" count="36"/>
        <line num="204" type="stmt" count="36"/>
        <line num="207" type="stmt" count="36"/>
        <line num="208" type="stmt" count="36"/>
        <line num="210" type="stmt" count="36"/>
        <line num="213" type="stmt" count="36"/>
        <line num="214" type="stmt" count="36"/>
        <line num="216" type="stmt" count="36"/>
        <line num="219" type="stmt" count="36"/>
        <line num="220" type="stmt" count="36"/>
        <line num="222" type="stmt" count="36"/>
        <line num="225" type="stmt" count="36"/>
        <line num="226" type="stmt" count="36"/>
        <line num="228" type="stmt" count="36"/>
        <line num="231" type="stmt" count="36"/>
        <line num="232" type="stmt" count="36"/>
        <line num="234" type="stmt" count="36"/>
        <line num="237" type="stmt" count="36"/>
        <line num="238" type="stmt" count="36"/>
        <line num="240" type="stmt" count="36"/>
        <line num="243" type="stmt" count="36"/>
        <line num="244" type="stmt" count="36"/>
        <line num="246" type="stmt" count="36"/>
        <line num="249" type="stmt" count="36"/>
        <line num="250" type="stmt" count="36"/>
        <line num="252" type="stmt" count="36"/>
        <line num="255" type="stmt" count="36"/>
        <line num="256" type="stmt" count="36"/>
        <line num="258" type="stmt" count="36"/>
        <line num="261" type="stmt" count="36"/>
        <line num="262" type="stmt" count="36"/>
        <line num="264" type="stmt" count="36"/>
        <line num="267" type="stmt" count="36"/>
        <line num="268" type="stmt" count="36"/>
        <line num="270" type="stmt" count="36"/>
        <line num="273" type="stmt" count="36"/>
        <line num="274" type="stmt" count="36"/>
        <line num="276" type="stmt" count="36"/>
        <line num="279" type="stmt" count="36"/>
        <line num="280" type="stmt" count="36"/>
        <line num="282" type="stmt" count="36"/>
        <line num="285" type="stmt" count="36"/>
        <line num="286" type="stmt" count="36"/>
        <line num="288" type="stmt" count="36"/>
        <line num="291" type="stmt" count="36"/>
        <line num="292" type="stmt" count="36"/>
        <line num="294" type="stmt" count="36"/>
        <line num="299" type="stmt" count="36"/>
        <line num="302" type="method" name="isHoliday" visibility="public" complexity="4" crap="4" count="1"/>
        <line num="304" type="stmt" count="1"/>
        <line num="305" type="stmt" count="1"/>
        <line num="306" type="stmt" count="1"/>
        <line num="308" type="stmt" count="1"/>
        <line num="309" type="stmt" count="1"/>
        <line num="310" type="stmt" count="1"/>
        <line num="314" type="stmt" count="1"/>
        <line num="317" type="method" name="isBankHoliday" visibility="public" complexity="13" crap="13" count="1"/>
        <line num="319" type="stmt" count="1"/>
        <line num="320" type="stmt" count="1"/>
        <line num="321" type="stmt" count="1"/>
        <line num="323" type="stmt" count="1"/>
        <line num="324" type="stmt" count="1"/>
        <line num="325" type="stmt" count="1"/>
        <line num="326" type="stmt" count="1"/>
        <line num="330" type="stmt" count="1"/>
        <line num="331" type="stmt" count="1"/>
        <line num="333" type="stmt" count="1"/>
        <line num="334" type="stmt" count="1"/>
        <line num="336" type="stmt" count="1"/>
        <line num="338" type="stmt" count="1"/>
        <line num="339" type="stmt" count="1"/>
        <line num="341" type="stmt" count="1"/>
        <line num="342" type="stmt" count="1"/>
        <line num="344" type="stmt" count="1"/>
        <line num="350" type="stmt" count="1"/>
        <line num="353" type="method" name="getHolidayName" visibility="public" complexity="11" crap="11" count="4"/>
        <line num="355" type="stmt" count="4"/>
        <line num="356" type="stmt" count="4"/>
        <line num="357" type="stmt" count="4"/>
        <line num="359" type="stmt" count="4"/>
        <line num="360" type="stmt" count="4"/>
        <line num="361" type="stmt" count="4"/>
        <line num="362" type="stmt" count="4"/>
        <line num="364" type="stmt" count="4"/>
        <line num="365" type="stmt" count="3"/>
        <line num="367" type="stmt" count="3"/>
        <line num="368" type="stmt" count="3"/>
        <line num="370" type="stmt" count="3"/>
        <line num="371" type="stmt" count="2"/>
        <line num="373" type="stmt" count="2"/>
        <line num="374" type="stmt" count="4"/>
        <line num="380" type="stmt" count="4"/>
        <line num="381" type="stmt" count="4"/>
        <line num="384" type="stmt" count="4"/>
        <line num="388" type="method" name="getHolidayById" visibility="private" complexity="2" crap="2" count="34"/>
        <line num="390" type="stmt" count="34"/>
        <line num="391" type="stmt" count="34"/>
        <line num="393" type="stmt" count="34"/>
        <line num="394" type="stmt" count="34"/>
        <line num="396" type="stmt" count="34"/>
        <line num="398" type="stmt" count="34"/>
        <line num="401" type="method" name="getNewYearsDayHoliday" visibility="public" complexity="1" crap="1" count="1"/>
        <line num="403" type="stmt" count="1"/>
        <line num="406" type="method" name="getMLKDayHoliday" visibility="public" complexity="1" crap="1" count="1"/>
        <line num="408" type="stmt" count="1"/>
        <line num="411" type="method" name="getGroundhogDayHoliday" visibility="public" complexity="1" crap="1" count="1"/>
        <line num="413" type="stmt" count="1"/>
        <line num="416" type="method" name="getValentinesDayHoliday" visibility="public" complexity="1" crap="1" count="1"/>
        <line num="418" type="stmt" count="1"/>
        <line num="421" type="method" name="getPresidentsDayHoliday" visibility="public" complexity="1" crap="1" count="1"/>
        <line num="423" type="stmt" count="1"/>
        <line num="426" type="method" name="getDaylightSavingStartHoliday" visibility="public" complexity="1" crap="1" count="1"/>
        <line num="428" type="stmt" count="1"/>
        <line num="431" type="method" name="getStPatricksDayHoliday" visibility="public" complexity="1" crap="1" count="1"/>
        <line num="433" type="stmt" count="1"/>
        <line num="436" type="method" name="getAprilFoolsDayHoliday" visibility="public" complexity="1" crap="1" count="1"/>
        <line num="438" type="stmt" count="1"/>
        <line num="441" type="method" name="getMothersDayHoliday" visibility="public" complexity="1" crap="1" count="1"/>
        <line num="443" type="stmt" count="1"/>
        <line num="446" type="method" name="getMemorialDayHoliday" visibility="public" complexity="1" crap="1" count="1"/>
        <line num="448" type="stmt" count="1"/>
        <line num="451" type="method" name="getArmedForcesDayHoliday" visibility="public" complexity="1" crap="1" count="1"/>
        <line num="453" type="stmt" count="1"/>
        <line num="456" type="method" name="getFathersDayHoliday" visibility="public" complexity="1" crap="1" count="1"/>
        <line num="458" type="stmt" count="1"/>
        <line num="461" type="method" name="getFlagsDayHoliday" visibility="public" complexity="1" crap="1" count="1"/>
        <line num="463" type="stmt" count="1"/>
        <line num="466" type="method" name="getIndependenceDayHoliday" visibility="public" complexity="1" crap="1" count="3"/>
        <line num="468" type="stmt" count="3"/>
        <line num="471" type="method" name="getLaborDayHoliday" visibility="public" complexity="1" crap="1" count="1"/>
        <line num="473" type="stmt" count="1"/>
        <line num="476" type="method" name="getPatriotsDayHoliday" visibility="public" complexity="1" crap="1" count="1"/>
        <line num="478" type="stmt" count="1"/>
        <line num="481" type="method" name="getColumbusDayHoliday" visibility="public" complexity="1" crap="1" count="1"/>
        <line num="483" type="stmt" count="1"/>
        <line num="486" type="method" name="getHalloweenDayHoliday" visibility="public" complexity="1" crap="1" count="1"/>
        <line num="488" type="stmt" count="1"/>
        <line num="491" type="method" name="getDaylightSavingEndHoliday" visibility="public" complexity="1" crap="1" count="1"/>
        <line num="493" type="stmt" count="1"/>
        <line num="496" type="method" name="getVeteransDayHoliday" visibility="public" complexity="1" crap="1" count="1"/>
        <line num="498" type="stmt" count="1"/>
        <line num="501" type="method" name="getThanksgivingHoliday" visibility="public" complexity="1" crap="1" count="1"/>
        <line num="503" type="stmt" count="1"/>
        <line num="506" type="method" name="getPearlHarborRemembranceHoliday" visibility="public" complexity="1" crap="1" count="1"/>
        <line num="508" type="stmt" count="1"/>
        <line num="511" type="method" name="getChristmasEveHoliday" visibility="public" complexity="1" crap="1" count="1"/>
        <line num="513" type="stmt" count="1"/>
        <line num="516" type="method" name="getChristmasDayHoliday" visibility="public" complexity="1" crap="1" count="1"/>
        <line num="518" type="stmt" count="1"/>
        <line num="521" type="method" name="getNewYearsEveHoliday" visibility="public" complexity="1" crap="1" count="1"/>
        <line num="523" type="stmt" count="1"/>
        <line num="526" type="method" name="getKwanzaaHoliday" visibility="public" complexity="1" crap="1" count="1"/>
        <line num="528" type="stmt" count="1"/>
        <line num="531" type="method" name="getEarthDayHoliday" visibility="public" complexity="1" crap="1" count="1"/>
        <line num="533" type="stmt" count="1"/>
        <line num="536" type="method" name="getCincoDeMayoHoliday" visibility="public" complexity="1" crap="1" count="1"/>
        <line num="538" type="stmt" count="1"/>
        <line num="541" type="method" name="getJuneteenthHoliday" visibility="public" complexity="1" crap="1" count="1"/>
        <line num="543" type="stmt" count="1"/>
        <line num="546" type="method" name="getIndigenousPeoplesDayHoliday" visibility="public" complexity="1" crap="1" count="1"/>
        <line num="548" type="stmt" count="1"/>
        <line num="551" type="method" name="getTaxDayHoliday" visibility="public" complexity="1" crap="1" count="1"/>
        <line num="553" type="stmt" count="1"/>
        <line num="556" type="method" name="getBlackFridayHoliday" visibility="public" complexity="1" crap="1" count="1"/>
        <line num="558" type="stmt" count="1"/>
        <metrics loc="560" ncloc="534" classes="1" methods="37" coveredmethods="37" conditionals="0" coveredconditionals="0" statements="230" coveredstatements="230" elements="267" coveredelements="267"/>
      </file>
    </package>
    <metrics files="1" loc="560" ncloc="534" classes="1" methods="37" coveredmethods="37" conditionals="0" coveredconditionals="0" statements="230" coveredstatements="230" elements="267" coveredelements="267"/>
  </project>
</coverage>
